# JRE version: Java(TM) SE Runtime Environment (8.0_25-b18) (build 1.8.0_25-b18)
# Java VM: Java HotSpot(TM) 64-Bit Server VM (25.25-b02 mixed mode windows-amd64 compressed oops)
Heap:
 PSYoungGen      total 155648K, used 140288K [0x00000000eab00000, 0x00000000f5200000, 0x0000000100000000)
  eden space 140288K, 100% used [0x00000000eab00000,0x00000000f3400000,0x00000000f3400000)
  from space 15360K, 0% used [0x00000000f4300000,0x00000000f4300000,0x00000000f5200000)
  to   space 15360K, 39% used [0x00000000f3400000,0x00000000f39ebd00,0x00000000f4300000)
 ParOldGen       total 109056K, used 38190K [0x00000000c0000000, 0x00000000c6a80000, 0x00000000eab00000)
  object space 109056K, 35% used [0x00000000c0000000,0x00000000c254ba40,0x00000000c6a80000)
 Metaspace       used 52885K, capacity 57380K, committed 57472K, reserved 1097728K
  class space    used 7086K, capacity 8230K, committed 8320K, reserved 1048576K
GC Heap History (10 events):
Event: 3049.405 GC heap after
Heap after GC invocations=37 (full 9):
 PSYoungGen      total 153600K, used 560K [0x00000000eab00000, 0x00000000f5100000, 0x0000000100000000)
  eden space 137216K, 0% used [0x00000000eab00000,0x00000000eab00000,0x00000000f3100000)
  from space 16384K, 3% used [0x00000000f4100000,0x00000000f418c010,0x00000000f5100000)
  to   space 16384K, 0% used [0x00000000f3100000,0x00000000f3100000,0x00000000f4100000)
 ParOldGen       total 109056K, used 38247K [0x00000000c0000000, 0x00000000c6a80000, 0x00000000eab00000)
  object space 109056K, 35% used [0x00000000c0000000,0x00000000c2559c30,0x00000000c6a80000)
 Metaspace       used 52663K, capacity 57018K, committed 57088K, reserved 1097728K
  class space    used 7068K, capacity 8161K, committed 8192K, reserved 1048576K
}
Event: 3049.405 GC heap before
{Heap before GC invocations=38 (full 10):
 PSYoungGen      total 153600K, used 560K [0x00000000eab00000, 0x00000000f5100000, 0x0000000100000000)
  eden space 137216K, 0% used [0x00000000eab00000,0x00000000eab00000,0x00000000f3100000)
  from space 16384K, 3% used [0x00000000f4100000,0x00000000f418c010,0x00000000f5100000)
  to   space 16384K, 0% used [0x00000000f3100000,0x00000000f3100000,0x00000000f4100000)
 ParOldGen       total 109056K, used 38247K [0x00000000c0000000, 0x00000000c6a80000, 0x00000000eab00000)
  object space 109056K, 35% used [0x00000000c0000000,0x00000000c2559c30,0x00000000c6a80000)
 Metaspace       used 52663K, capacity 57018K, committed 57088K, reserved 1097728K
  class space    used 7068K, capacity 8161K, committed 8192K, reserved 1048576K
Event: 3049.668 GC heap after
Heap after GC invocations=38 (full 10):
 PSYoungGen      total 153600K, used 0K [0x00000000eab00000, 0x00000000f5100000, 0x0000000100000000)
  eden space 137216K, 0% used [0x00000000eab00000,0x00000000eab00000,0x00000000f3100000)
  from space 16384K, 0% used [0x00000000f4100000,0x00000000f4100000,0x00000000f5100000)
  to   space 16384K, 0% used [0x00000000f3100000,0x00000000f3100000,0x00000000f4100000)
 ParOldGen       total 109056K, used 38002K [0x00000000c0000000, 0x00000000c6a80000, 0x00000000eab00000)
  object space 109056K, 34% used [0x00000000c0000000,0x00000000c251c9d0,0x00000000c6a80000)
 Metaspace       used 52663K, capacity 57018K, committed 57088K, reserved 1097728K
  class space    used 7068K, capacity 8161K, committed 8192K, reserved 1048576K
}
Event: 3174.586 GC heap before
{Heap before GC invocations=39 (full 10):
 PSYoungGen      total 153600K, used 137216K [0x00000000eab00000, 0x00000000f5100000, 0x0000000100000000)
  eden space 137216K, 100% used [0x00000000eab00000,0x00000000f3100000,0x00000000f3100000)
  from space 16384K, 0% used [0x00000000f4100000,0x00000000f4100000,0x00000000f5100000)
  to   space 16384K, 0% used [0x00000000f3100000,0x00000000f3100000,0x00000000f4100000)
 ParOldGen       total 109056K, used 38002K [0x00000000c0000000, 0x00000000c6a80000, 0x00000000eab00000)
  object space 109056K, 34% used [0x00000000c0000000,0x00000000c251c9d0,0x00000000c6a80000)
 Metaspace       used 52787K, capacity 57266K, committed 57472K, reserved 1097728K
  class space    used 7077K, capacity 8196K, committed 8320K, reserved 1048576K
Event: 3174.594 GC heap after
Heap after GC invocations=39 (full 10):
 PSYoungGen      total 153600K, used 5998K [0x00000000eab00000, 0x00000000f5200000, 0x0000000100000000)
  eden space 137216K, 0% used [0x00000000eab00000,0x00000000eab00000,0x00000000f3100000)
  from space 16384K, 36% used [0x00000000f3100000,0x00000000f36dbb40,0x00000000f4100000)
  to   space 15360K, 0% used [0x00000000f4300000,0x00000000f4300000,0x00000000f5200000)
 ParOldGen       total 109056K, used 38010K [0x00000000c0000000, 0x00000000c6a80000, 0x00000000eab00000)
  object space 109056K, 34% used [0x00000000c0000000,0x00000000c251e9d0,0x00000000c6a80000)
 Metaspace       used 52787K, capacity 57266K, committed 57472K, reserved 1097728K
  class space    used 7077K, capacity 8196K, committed 8320K, reserved 1048576K
}
Event: 3174.875 GC heap before
{Heap before GC invocations=40 (full 10):
 PSYoungGen      total 153600K, used 15834K [0x00000000eab00000, 0x00000000f5200000, 0x0000000100000000)
  eden space 137216K, 7% used [0x00000000eab00000,0x00000000eb49ae18,0x00000000f3100000)
  from space 16384K, 36% used [0x00000000f3100000,0x00000000f36dbb40,0x00000000f4100000)
  to   space 15360K, 0% used [0x00000000f4300000,0x00000000f4300000,0x00000000f5200000)
 ParOldGen       total 109056K, used 38010K [0x00000000c0000000, 0x00000000c6a80000, 0x00000000eab00000)
  object space 109056K, 34% used [0x00000000c0000000,0x00000000c251e9d0,0x00000000c6a80000)
 Metaspace       used 52789K, capacity 57266K, committed 57472K, reserved 1097728K
  class space    used 7077K, capacity 8196K, committed 8320K, reserved 1048576K
Event: 3174.877 GC heap after
Heap after GC invocations=40 (full 10):
 PSYoungGen      total 155648K, used 512K [0x00000000eab00000, 0x00000000f5200000, 0x0000000100000000)
  eden space 140288K, 0% used [0x00000000eab00000,0x00000000eab00000,0x00000000f3400000)
  from space 15360K, 3% used [0x00000000f4300000,0x00000000f4380020,0x00000000f5200000)
  to   space 15360K, 0% used [0x00000000f3400000,0x00000000f3400000,0x00000000f4300000)
 ParOldGen       total 109056K, used 38010K [0x00000000c0000000, 0x00000000c6a80000, 0x00000000eab00000)
  object space 109056K, 34% used [0x00000000c0000000,0x00000000c251e9d0,0x00000000c6a80000)
 Metaspace       used 52789K, capacity 57266K, committed 57472K, reserved 1097728K
  class space    used 7077K, capacity 8196K, committed 8320K, reserved 1048576K
}
Event: 3174.877 GC heap before
{Heap before GC invocations=41 (full 11):
 PSYoungGen      total 155648K, used 512K [0x00000000eab00000, 0x00000000f5200000, 0x0000000100000000)
  eden space 140288K, 0% used [0x00000000eab00000,0x00000000eab00000,0x00000000f3400000)
  from space 15360K, 3% used [0x00000000f4300000,0x00000000f4380020,0x00000000f5200000)
  to   space 15360K, 0% used [0x00000000f3400000,0x00000000f3400000,0x00000000f4300000)
 ParOldGen       total 109056K, used 38010K [0x00000000c0000000, 0x00000000c6a80000, 0x00000000eab00000)
  object space 109056K, 34% used [0x00000000c0000000,0x00000000c251e9d0,0x00000000c6a80000)
 Metaspace       used 52789K, capacity 57266K, committed 57472K, reserved 1097728K
  class space    used 7077K, capacity 8196K, committed 8320K, reserved 1048576K
Event: 3175.113 GC heap after
Heap after GC invocations=41 (full 11):
 PSYoungGen      total 155648K, used 0K [0x00000000eab00000, 0x00000000f5200000, 0x0000000100000000)
  eden space 140288K, 0% used [0x00000000eab00000,0x00000000eab00000,0x00000000f3400000)
  from space 15360K, 0% used [0x00000000f4300000,0x00000000f4300000,0x00000000f5200000)
  to   space 15360K, 0% used [0x00000000f3400000,0x00000000f3400000,0x00000000f4300000)
 ParOldGen       total 109056K, used 38182K [0x00000000c0000000, 0x00000000c6a80000, 0x00000000eab00000)
  object space 109056K, 35% used [0x00000000c0000000,0x00000000c2549a40,0x00000000c6a80000)
 Metaspace       used 52789K, capacity 57266K, committed 57472K, reserved 1097728K
  class space    used 7077K, capacity 8196K, committed 8320K, reserved 1048576K
}
Event: 10222.083 GC heap before
{Heap before GC invocations=42 (full 11):
 PSYoungGen      total 155648K, used 140288K [0x00000000eab00000, 0x00000000f5200000, 0x0000000100000000)
  eden space 140288K, 100% used [0x00000000eab00000,0x00000000f3400000,0x00000000f3400000)
  from space 15360K, 0% used [0x00000000f4300000,0x00000000f4300000,0x00000000f5200000)
  to   space 15360K, 0% used [0x00000000f3400000,0x00000000f3400000,0x00000000f4300000)
 ParOldGen       total 109056K, used 38182K [0x00000000c0000000, 0x00000000c6a80000, 0x00000000eab00000)
  object space 109056K, 35% used [0x00000000c0000000,0x00000000c2549a40,0x00000000c6a80000)
 Metaspace       used 52885K, capacity 57380K, committed 57472K, reserved 1097728K
  class space    used 7086K, capacity 8230K, committed 8320K, reserved 1048576K

